<?xml version="1.0" encoding="UTF-8"?>
<coverage generated="1750704181496" clover="3.2.0">
  <project timestamp="1750704181496" name="All files">
    <metrics statements="16" coveredstatements="10" conditionals="16" coveredconditionals="7" methods="5" coveredmethods="2" elements="37" coveredelements="19" complexity="0" loc="16" ncloc="16" packages="1" files="1" classes="1"/>
    <file name="operaciones.js" path="/home/vican/ch55/testing/operaciones.js">
      <metrics statements="16" coveredstatements="10" conditionals="16" coveredconditionals="7" methods="5" coveredmethods="2"/>
      <line num="1" count="1" type="stmt"/>
      <line num="3" count="4" type="cond" truecount="4" falsecount="0"/>
      <line num="4" count="2" type="stmt"/>
      <line num="6" count="2" type="stmt"/>
      <line num="8" count="1" type="stmt"/>
      <line num="9" count="1" type="cond" truecount="3" falsecount="1"/>
      <line num="10" count="1" type="stmt"/>
      <line num="12" count="0" type="stmt"/>
      <line num="14" count="1" type="stmt"/>
      <line num="15" count="1" type="stmt"/>
      <line num="16" count="0" type="cond" truecount="0" falsecount="2"/>
      <line num="17" count="0" type="cond" truecount="0" falsecount="4"/>
      <line num="18" count="0" type="stmt"/>
      <line num="22" count="0" type="cond" truecount="0" falsecount="2"/>
      <line num="23" count="0" type="stmt"/>
      <line num="27" count="1" type="stmt"/>
    </file>
  </project>
</coverage>
